<?xml version="1.0" encoding="UTF-8"?>
<!-- Generated by org.testng.reporters.JUnitReportReporter -->
<testsuite skipped="0" hostname="PULETRKHUTWAD" name="qaclickacademy.RestApiTest" tests="2" failures="0" timestamp="25 Apr 2019 11:17:31 GMT" time="0.000" errors="0">
  <testcase name="RestApitwo" time="0.000" classname="qaclickacademy.RestApiTest"/>
  <testcase name="RestApione" time="0.000" classname="qaclickacademy.RestApiTest"/>
</testsuite> <!-- qaclickacademy.RestApiTest -->
