<?xml version="1.0" encoding="UTF-8"?>
<!-- Generated by org.testng.reporters.JUnitReportReporter -->
<testsuite skipped="0" hostname="PULETRKHUTWAD" name="qaclickacademy.SeleniumTest" tests="2" failures="0" timestamp="25 Apr 2019 11:17:31 GMT" time="0.001" errors="0">
  <testcase name="Seleniumone" time="0.000" classname="qaclickacademy.SeleniumTest"/>
  <testcase name="Seleniumtwo" time="0.001" classname="qaclickacademy.SeleniumTest"/>
</testsuite> <!-- qaclickacademy.SeleniumTest -->
