<?xml version="1.0" encoding="UTF-8"?>
<!-- Generated by org.testng.reporters.JUnitReportReporter -->
<testsuite skipped="0" hostname="PULETRKHUTWAD" name="qaclickacademy.MobileApiTest" tests="2" failures="0" timestamp="25 Apr 2019 11:17:31 GMT" time="0.012" errors="0">
  <testcase name="MobileApitwo" time="0.001" classname="qaclickacademy.MobileApiTest"/>
  <testcase name="MobileApione" time="0.011" classname="qaclickacademy.MobileApiTest"/>
</testsuite> <!-- qaclickacademy.MobileApiTest -->
