<?xml version="1.0" encoding="UTF-8"?>
<!-- Generated by org.testng.reporters.JUnitReportReporter -->
<testsuite skipped="0" hostname="PULETRKHUTWAD" name="qaclickacademy.AppTest" tests="1" failures="0" timestamp="25 Apr 2019 11:17:31 GMT" time="0.005" errors="0">
  <testcase name="testApp" time="0.005" classname="qaclickacademy.AppTest"/>
</testsuite> <!-- qaclickacademy.AppTest -->
